<?xml version="1.0" encoding="UTF-8"?>
<!-- Generated by org.testng.reporters.JUnitReportReporter -->
<testsuite hostname="Faruq" failures="0" tests="1" name="com.facebook.loginTests.LoginTest" time="1.917" errors="0" timestamp="2023-10-15T13:27:43 EDT" skipped="0">
  <testcase classname="com.facebook.loginTests.LoginTest" name="loginTest1" time="1.917"/>
  <system-out/>
</testsuite> <!-- com.facebook.loginTests.LoginTest -->
