<?xml version="1.0" encoding="UTF-8"?>
<!-- Generated by org.testng.reporters.JUnitReportReporter -->
<testsuite hostname="Faruq" failures="0" tests="3" name="com.facebook.registrationTests.RegistrationTest" time="9.538" errors="0" timestamp="2023-10-14T11:09:58 EDT" skipped="0">
  <testcase classname="com.facebook.registrationTests.RegistrationTest" name="faizaRegistrationTest" time="3.664"/>
  <system-out/>
  <testcase classname="com.facebook.registrationTests.RegistrationTest" name="faruqRegistrationTest" time="2.771"/>
  <system-out/>
  <testcase classname="com.facebook.registrationTests.RegistrationTest" name="fabihaRegistrationTest" time="3.103"/>
  <system-out/>
</testsuite> <!-- com.facebook.registrationTests.RegistrationTest -->
