<?xml version="1.0" encoding="UTF-8"?>
<!-- Generated by org.testng.reporters.JUnitReportReporter -->
<testsuite hostname="Faruq" failures="0" tests="2" name="com.facebook.loginTests.LoginTest" time="4.610" errors="0" timestamp="2023-10-08T10:15:38 EDT" skipped="0">
  <testcase classname="com.facebook.loginTests.LoginTest" name="loginTest" time="2.763"/>
  <system-out/>
  <testcase classname="com.facebook.loginTests.LoginTest" name="loginTest1" time="1.847"/>
  <system-out/>
</testsuite> <!-- com.facebook.loginTests.LoginTest -->
