<?xml version="1.0" encoding="UTF-8"?>
<!-- Generated by org.testng.reporters.JUnitReportReporter -->
<testsuite hostname="Faruq" failures="0" tests="1" name="com.facebook.registrationTests.RegistrationTest" time="3.036" errors="0" timestamp="2023-10-08T14:02:27 EDT" skipped="0">
  <testcase classname="com.facebook.registrationTests.RegistrationTest" name="createRegistrationTest" time="3.036"/>
  <system-out/>
</testsuite> <!-- com.facebook.registrationTests.RegistrationTest -->
