<?xml version="1.0" encoding="UTF-8"?>
<!-- Generated by org.testng.reporters.JUnitReportReporter -->
<testsuite hostname="Faruq" failures="0" tests="1" name="com.facebook.registrationTests.RegistrationTest" time="2.982" errors="0" timestamp="2023-10-14T14:30:05 EDT" skipped="0">
  <testcase classname="com.facebook.registrationTests.RegistrationTest" name="fabihaRegistrationTest" time="2.982"/>
  <system-out/>
</testsuite> <!-- com.facebook.registrationTests.RegistrationTest -->
